2019-06-21 16:32:10.007  INFO 13828 --- [main] c.m.r.RegisterTaxiClientApplication      : Starting RegisterTaxiClientApplication on cec-ben214-03 with PID 13828 (/home/silwals/Documents/code/RegisterTaxiClient/target/classes started by silwals in /home/silwals/Documents/code/RegisterTaxiClient)
2019-06-21 16:32:10.013  INFO 13828 --- [main] c.m.r.RegisterTaxiClientApplication      : No active profile set, falling back to default profiles: default
2019-06-21 16:32:10.689  INFO 13828 --- [main] trationDelegate$BeanPostProcessorChecker : Bean 'org.springframework.kafka.annotation.KafkaBootstrapConfiguration' of type [org.springframework.kafka.annotation.KafkaBootstrapConfiguration$$EnhancerBySpringCGLIB$$62313ede] is not eligible for getting processed by all BeanPostProcessors (for example: not eligible for auto-proxying)
2019-06-21 16:32:11.051  INFO 13828 --- [main] o.s.b.w.embedded.tomcat.TomcatWebServer  : Tomcat initialized with port(s): 7000 (http)
2019-06-21 16:32:11.079  INFO 13828 --- [main] o.apache.catalina.core.StandardService   : Starting service [Tomcat]
2019-06-21 16:32:11.080  INFO 13828 --- [main] org.apache.catalina.core.StandardEngine  : Starting Servlet Engine: Apache Tomcat/9.0.13
2019-06-21 16:32:11.088  INFO 13828 --- [main] o.a.catalina.core.AprLifecycleListener   : The APR based Apache Tomcat Native library which allows optimal performance in production environments was not found on the java.library.path: [/usr/java/packages/lib/amd64:/usr/lib64:/lib64:/lib:/usr/lib]
2019-06-21 16:32:11.156  INFO 13828 --- [main] o.a.c.c.C.[Tomcat].[localhost].[/]       : Initializing Spring embedded WebApplicationContext
2019-06-21 16:32:11.157  INFO 13828 --- [main] o.s.web.context.ContextLoader            : Root WebApplicationContext: initialization completed in 1110 ms
2019-06-21 16:32:11.423  INFO 13828 --- [main] o.s.s.concurrent.ThreadPoolTaskExecutor  : Initializing ExecutorService 'applicationTaskExecutor'
2019-06-21 16:32:11.752  INFO 13828 --- [main] o.s.b.w.embedded.tomcat.TomcatWebServer  : Tomcat started on port(s): 7000 (http) with context path ''
2019-06-21 16:32:11.759  INFO 13828 --- [main] c.m.r.RegisterTaxiClientApplication      : Started RegisterTaxiClientApplication in 2.05 seconds (JVM running for 2.352)
2019-06-21 16:36:20.898  INFO 13828 --- [http-nio-7000-exec-1] o.a.c.c.C.[Tomcat].[localhost].[/]       : Initializing Spring DispatcherServlet 'dispatcherServlet'
2019-06-21 16:36:20.898  INFO 13828 --- [http-nio-7000-exec-1] o.s.web.servlet.DispatcherServlet        : Initializing Servlet 'dispatcherServlet'
2019-06-21 16:36:20.904  INFO 13828 --- [http-nio-7000-exec-1] o.s.web.servlet.DispatcherServlet        : Completed initialization in 6 ms
2019-06-21 16:36:20.960  INFO 13828 --- [http-nio-7000-exec-1] c.m.r.k.p.RideSharingRequestProducer     : Inside Register Taxi Request Producer
2019-06-21 16:36:20.961  INFO 13828 --- [http-nio-7000-exec-1] c.m.r.k.p.RideSharingRequestProducer     : Input String Read: 
2019-06-21 16:36:20.964  INFO 13828 --- [ForkJoinPool.commonPool-worker-1] c.m.r.service.RequestProducerService     : Inside Register Taxi Request Producer Service
2019-06-21 16:36:20.964  INFO 13828 --- [http-nio-7000-exec-1] c.m.r.k.p.RideSharingRequestProducer     : Input String Read: 41.92268628,-87.64948873,2,2016-12-18 01:00:00
2019-06-21 16:36:20.965  INFO 13828 --- [ForkJoinPool.commonPool-worker-2] c.m.r.service.RequestProducerService     : Inside Register Taxi Request Producer Service
2019-06-21 16:36:20.965  INFO 13828 --- [ForkJoinPool.commonPool-worker-2] c.m.r.service.RequestProducerService     : Generated Taxi Object: com.miamioh.registertaxiclient.model.request.Taxi@2620282
2019-06-21 16:36:20.986  INFO 13828 --- [ForkJoinPool.commonPool-worker-2] o.a.k.clients.producer.ProducerConfig    : ProducerConfig values: 
	acks = 1
	batch.size = 16384
	bootstrap.servers = [localhost:9092]
	buffer.memory = 33554432
	client.id = 
	compression.type = none
	connections.max.idle.ms = 540000
	enable.idempotence = false
	interceptor.classes = []
	key.serializer = class org.apache.kafka.common.serialization.StringSerializer
	linger.ms = 0
	max.block.ms = 60000
	max.in.flight.requests.per.connection = 5
	max.request.size = 1048576
	metadata.max.age.ms = 300000
	metric.reporters = []
	metrics.num.samples = 2
	metrics.recording.level = INFO
	metrics.sample.window.ms = 30000
	partitioner.class = class org.apache.kafka.clients.producer.internals.DefaultPartitioner
	receive.buffer.bytes = 32768
	reconnect.backoff.max.ms = 1000
	reconnect.backoff.ms = 50
	request.timeout.ms = 30000
	retries = 0
	retry.backoff.ms = 100
	sasl.client.callback.handler.class = null
	sasl.jaas.config = null
	sasl.kerberos.kinit.cmd = /usr/bin/kinit
	sasl.kerberos.min.time.before.relogin = 60000
	sasl.kerberos.service.name = null
	sasl.kerberos.ticket.renew.jitter = 0.05
	sasl.kerberos.ticket.renew.window.factor = 0.8
	sasl.login.callback.handler.class = null
	sasl.login.class = null
	sasl.login.refresh.buffer.seconds = 300
	sasl.login.refresh.min.period.seconds = 60
	sasl.login.refresh.window.factor = 0.8
	sasl.login.refresh.window.jitter = 0.05
	sasl.mechanism = GSSAPI
	security.protocol = PLAINTEXT
	send.buffer.bytes = 131072
	ssl.cipher.suites = null
	ssl.enabled.protocols = [TLSv1.2, TLSv1.1, TLSv1]
	ssl.endpoint.identification.algorithm = https
	ssl.key.password = null
	ssl.keymanager.algorithm = SunX509
	ssl.keystore.location = null
	ssl.keystore.password = null
	ssl.keystore.type = JKS
	ssl.protocol = TLS
	ssl.provider = null
	ssl.secure.random.implementation = null
	ssl.trustmanager.algorithm = PKIX
	ssl.truststore.location = null
	ssl.truststore.password = null
	ssl.truststore.type = JKS
	transaction.timeout.ms = 60000
	transactional.id = null
	value.serializer = class org.springframework.kafka.support.serializer.JsonSerializer

2019-06-21 16:36:21.038  INFO 13828 --- [ForkJoinPool.commonPool-worker-2] o.a.kafka.common.utils.AppInfoParser     : Kafka version : 2.0.1
2019-06-21 16:36:21.038  INFO 13828 --- [ForkJoinPool.commonPool-worker-2] o.a.kafka.common.utils.AppInfoParser     : Kafka commitId : fa14705e51bd2ce5
2019-06-21 16:36:21.161  INFO 13828 --- [kafka-producer-network-thread | producer-1] org.apache.kafka.clients.Metadata        : Cluster ID: tCkSJUjmSl2fVIBEg1JoMg
2019-06-21 16:36:21.230  INFO 13828 --- [kafka-producer-network-thread | producer-1] c.m.r.service.RequestProducerService     : Successfully published message to the kafka topic with key=com.miamioh.registertaxiclient.model.request.Taxi@2620282 and offset=0
2019-06-21 16:36:21.230  INFO 13828 --- [kafka-producer-network-thread | producer-1] c.m.r.service.RequestProducerService     : total time taken to send the message to topic :ea28af9f-0cc5-4165-abb1-74398af0b24a
2019-06-21 18:44:02.684  INFO 13828 --- [http-nio-7000-exec-3] c.m.r.k.p.RideSharingRequestProducer     : Inside Register Taxi Request Producer
2019-06-21 18:44:02.685  INFO 13828 --- [http-nio-7000-exec-3] c.m.r.k.p.RideSharingRequestProducer     : Input String Read: 
2019-06-21 18:44:02.685  INFO 13828 --- [http-nio-7000-exec-3] c.m.r.k.p.RideSharingRequestProducer     : Input String Read: 41.92268628,-87.64948873,2,2016-12-18 01:00:00
2019-06-21 18:44:02.685  INFO 13828 --- [ForkJoinPool.commonPool-worker-3] c.m.r.service.RequestProducerService     : Inside Register Taxi Request Producer Service
2019-06-21 18:44:02.685  INFO 13828 --- [ForkJoinPool.commonPool-worker-4] c.m.r.service.RequestProducerService     : Inside Register Taxi Request Producer Service
2019-06-21 18:44:02.685  INFO 13828 --- [ForkJoinPool.commonPool-worker-4] c.m.r.service.RequestProducerService     : Generated Taxi Object: com.miamioh.registertaxiclient.model.request.Taxi@c85d315
2019-06-21 18:44:02.689  INFO 13828 --- [kafka-producer-network-thread | producer-1] c.m.r.service.RequestProducerService     : Successfully published message to the kafka topic with key=com.miamioh.registertaxiclient.model.request.Taxi@c85d315 and offset=1
2019-06-21 18:44:02.689  INFO 13828 --- [kafka-producer-network-thread | producer-1] c.m.r.service.RequestProducerService     : total time taken to send the message to topic :a0deaa53-9ada-4c66-96a0-a8e0543845df
2019-06-21 18:44:19.113  INFO 13828 --- [Thread-3] o.s.s.concurrent.ThreadPoolTaskExecutor  : Shutting down ExecutorService 'applicationTaskExecutor'
2019-06-21 18:44:19.115  INFO 13828 --- [Thread-3] o.a.k.clients.producer.KafkaProducer     : [Producer clientId=producer-1] Closing the Kafka producer with timeoutMillis = 30000 ms.
2019-06-21 18:59:29.389  INFO 25556 --- [main] c.m.r.RegisterTaxiClientApplication      : Starting RegisterTaxiClientApplication on cec-ben214-03 with PID 25556 (/home/silwals/Documents/code/RegisterTaxiClient/target/classes started by silwals in /home/silwals/Documents/code/RegisterTaxiClient)
2019-06-21 18:59:29.391  INFO 25556 --- [main] c.m.r.RegisterTaxiClientApplication      : No active profile set, falling back to default profiles: default
2019-06-21 18:59:30.055  INFO 25556 --- [main] trationDelegate$BeanPostProcessorChecker : Bean 'org.springframework.kafka.annotation.KafkaBootstrapConfiguration' of type [org.springframework.kafka.annotation.KafkaBootstrapConfiguration$$EnhancerBySpringCGLIB$$31a42c44] is not eligible for getting processed by all BeanPostProcessors (for example: not eligible for auto-proxying)
2019-06-21 18:59:30.391  INFO 25556 --- [main] o.s.b.w.embedded.tomcat.TomcatWebServer  : Tomcat initialized with port(s): 7000 (http)
2019-06-21 18:59:30.425  INFO 25556 --- [main] o.apache.catalina.core.StandardService   : Starting service [Tomcat]
2019-06-21 18:59:30.425  INFO 25556 --- [main] org.apache.catalina.core.StandardEngine  : Starting Servlet Engine: Apache Tomcat/9.0.13
2019-06-21 18:59:30.436  INFO 25556 --- [main] o.a.catalina.core.AprLifecycleListener   : The APR based Apache Tomcat Native library which allows optimal performance in production environments was not found on the java.library.path: [/usr/java/packages/lib/amd64:/usr/lib64:/lib64:/lib:/usr/lib]
2019-06-21 18:59:30.526  INFO 25556 --- [main] o.a.c.c.C.[Tomcat].[localhost].[/]       : Initializing Spring embedded WebApplicationContext
2019-06-21 18:59:30.526  INFO 25556 --- [main] o.s.web.context.ContextLoader            : Root WebApplicationContext: initialization completed in 1096 ms
2019-06-21 18:59:30.769  INFO 25556 --- [main] o.s.s.concurrent.ThreadPoolTaskExecutor  : Initializing ExecutorService 'applicationTaskExecutor'
2019-06-21 18:59:31.110  INFO 25556 --- [main] o.s.b.w.embedded.tomcat.TomcatWebServer  : Tomcat started on port(s): 7000 (http) with context path ''
2019-06-21 18:59:31.114  INFO 25556 --- [main] c.m.r.RegisterTaxiClientApplication      : Started RegisterTaxiClientApplication in 2.015 seconds (JVM running for 2.315)
2019-06-21 19:00:04.039  INFO 25556 --- [http-nio-7000-exec-1] o.a.c.c.C.[Tomcat].[localhost].[/]       : Initializing Spring DispatcherServlet 'dispatcherServlet'
2019-06-21 19:00:04.040  INFO 25556 --- [http-nio-7000-exec-1] o.s.web.servlet.DispatcherServlet        : Initializing Servlet 'dispatcherServlet'
2019-06-21 19:00:04.047  INFO 25556 --- [http-nio-7000-exec-1] o.s.web.servlet.DispatcherServlet        : Completed initialization in 7 ms
2019-06-21 19:00:04.099  INFO 25556 --- [http-nio-7000-exec-1] c.m.r.k.p.RideSharingRequestProducer     : Inside Register Taxi Request Producer
2019-06-21 19:00:04.099  INFO 25556 --- [http-nio-7000-exec-1] c.m.r.k.p.RideSharingRequestProducer     : Input String Read: 
2019-06-21 19:00:04.104  INFO 25556 --- [http-nio-7000-exec-1] c.m.r.k.p.RideSharingRequestProducer     : Input String Read: 41.92268628,-87.64948873,2,2016-12-18 01:00:00
2019-06-21 19:00:04.104  INFO 25556 --- [ForkJoinPool.commonPool-worker-1] c.m.r.service.RequestProducerService     : Inside Register Taxi Request Producer Service
2019-06-21 19:00:04.104  INFO 25556 --- [ForkJoinPool.commonPool-worker-2] c.m.r.service.RequestProducerService     : Inside Register Taxi Request Producer Service
2019-06-21 19:00:04.105  INFO 25556 --- [ForkJoinPool.commonPool-worker-2] c.m.r.service.RequestProducerService     : Generated Taxi Object: com.miamioh.registertaxiclient.model.request.Taxi@1ad60fd8
2019-06-21 19:00:04.126  INFO 25556 --- [ForkJoinPool.commonPool-worker-2] o.a.k.clients.producer.ProducerConfig    : ProducerConfig values: 
	acks = 1
	batch.size = 16384
	bootstrap.servers = [localhost:9092]
	buffer.memory = 33554432
	client.id = 
	compression.type = none
	connections.max.idle.ms = 540000
	enable.idempotence = false
	interceptor.classes = []
	key.serializer = class org.apache.kafka.common.serialization.StringSerializer
	linger.ms = 0
	max.block.ms = 60000
	max.in.flight.requests.per.connection = 5
	max.request.size = 1048576
	metadata.max.age.ms = 300000
	metric.reporters = []
	metrics.num.samples = 2
	metrics.recording.level = INFO
	metrics.sample.window.ms = 30000
	partitioner.class = class org.apache.kafka.clients.producer.internals.DefaultPartitioner
	receive.buffer.bytes = 32768
	reconnect.backoff.max.ms = 1000
	reconnect.backoff.ms = 50
	request.timeout.ms = 30000
	retries = 0
	retry.backoff.ms = 100
	sasl.client.callback.handler.class = null
	sasl.jaas.config = null
	sasl.kerberos.kinit.cmd = /usr/bin/kinit
	sasl.kerberos.min.time.before.relogin = 60000
	sasl.kerberos.service.name = null
	sasl.kerberos.ticket.renew.jitter = 0.05
	sasl.kerberos.ticket.renew.window.factor = 0.8
	sasl.login.callback.handler.class = null
	sasl.login.class = null
	sasl.login.refresh.buffer.seconds = 300
	sasl.login.refresh.min.period.seconds = 60
	sasl.login.refresh.window.factor = 0.8
	sasl.login.refresh.window.jitter = 0.05
	sasl.mechanism = GSSAPI
	security.protocol = PLAINTEXT
	send.buffer.bytes = 131072
	ssl.cipher.suites = null
	ssl.enabled.protocols = [TLSv1.2, TLSv1.1, TLSv1]
	ssl.endpoint.identification.algorithm = https
	ssl.key.password = null
	ssl.keymanager.algorithm = SunX509
	ssl.keystore.location = null
	ssl.keystore.password = null
	ssl.keystore.type = JKS
	ssl.protocol = TLS
	ssl.provider = null
	ssl.secure.random.implementation = null
	ssl.trustmanager.algorithm = PKIX
	ssl.truststore.location = null
	ssl.truststore.password = null
	ssl.truststore.type = JKS
	transaction.timeout.ms = 60000
	transactional.id = null
	value.serializer = class org.springframework.kafka.support.serializer.JsonSerializer

2019-06-21 19:00:04.177  INFO 25556 --- [ForkJoinPool.commonPool-worker-2] o.a.kafka.common.utils.AppInfoParser     : Kafka version : 2.0.1
2019-06-21 19:00:04.177  INFO 25556 --- [ForkJoinPool.commonPool-worker-2] o.a.kafka.common.utils.AppInfoParser     : Kafka commitId : fa14705e51bd2ce5
2019-06-21 19:00:04.277  INFO 25556 --- [kafka-producer-network-thread | producer-1] org.apache.kafka.clients.Metadata        : Cluster ID: tCkSJUjmSl2fVIBEg1JoMg
2019-06-21 19:00:04.326  INFO 25556 --- [kafka-producer-network-thread | producer-1] c.m.r.service.RequestProducerService     : Successfully published message to the kafka topic with key=com.miamioh.registertaxiclient.model.request.Taxi@1ad60fd8 and offset=2
2019-06-21 19:00:04.326  INFO 25556 --- [kafka-producer-network-thread | producer-1] c.m.r.service.RequestProducerService     : total time taken to send the message to topic :54dd10a3-3640-4541-831c-31c17e707366
2019-06-21 19:00:38.998  INFO 25556 --- [http-nio-7000-exec-2] c.m.r.k.p.RideSharingRequestProducer     : Inside Register Taxi Request Producer
2019-06-21 19:00:38.998  INFO 25556 --- [http-nio-7000-exec-2] c.m.r.k.p.RideSharingRequestProducer     : Input String Read: 
2019-06-21 19:00:38.998  INFO 25556 --- [http-nio-7000-exec-2] c.m.r.k.p.RideSharingRequestProducer     : Input String Read: 41.92268628,-87.64948873,2,2016-12-18 01:00:00
2019-06-21 19:00:38.998  INFO 25556 --- [ForkJoinPool.commonPool-worker-3] c.m.r.service.RequestProducerService     : Inside Register Taxi Request Producer Service
2019-06-21 19:00:38.998  INFO 25556 --- [ForkJoinPool.commonPool-worker-3] c.m.r.service.RequestProducerService     : Inside Register Taxi Request Producer Service
2019-06-21 19:00:38.998  INFO 25556 --- [ForkJoinPool.commonPool-worker-3] c.m.r.service.RequestProducerService     : Generated Taxi Object: com.miamioh.registertaxiclient.model.request.Taxi@12afd8ce
2019-06-21 19:00:39.001  INFO 25556 --- [kafka-producer-network-thread | producer-1] c.m.r.service.RequestProducerService     : Successfully published message to the kafka topic with key=com.miamioh.registertaxiclient.model.request.Taxi@12afd8ce and offset=3
2019-06-21 19:00:39.002  INFO 25556 --- [kafka-producer-network-thread | producer-1] c.m.r.service.RequestProducerService     : total time taken to send the message to topic :c75d5048-fd02-458a-af2b-6fadd2353979
2019-06-21 19:00:58.868  INFO 25556 --- [http-nio-7000-exec-3] c.m.r.k.p.RideSharingRequestProducer     : Inside Register Taxi Request Producer
2019-06-21 19:00:58.868  INFO 25556 --- [http-nio-7000-exec-3] c.m.r.k.p.RideSharingRequestProducer     : Input String Read: 
2019-06-21 19:00:58.869  INFO 25556 --- [ForkJoinPool.commonPool-worker-4] c.m.r.service.RequestProducerService     : Inside Register Taxi Request Producer Service
2019-06-21 19:00:58.869  INFO 25556 --- [http-nio-7000-exec-3] c.m.r.k.p.RideSharingRequestProducer     : Input String Read: 41.92268628,-87.64948873,2,2016-12-18 01:00:00
2019-06-21 19:00:58.869  INFO 25556 --- [ForkJoinPool.commonPool-worker-4] c.m.r.service.RequestProducerService     : Inside Register Taxi Request Producer Service
2019-06-21 19:00:58.869  INFO 25556 --- [ForkJoinPool.commonPool-worker-4] c.m.r.service.RequestProducerService     : Generated Taxi Object: com.miamioh.registertaxiclient.model.request.Taxi@7a452205
2019-06-21 19:00:58.871  INFO 25556 --- [kafka-producer-network-thread | producer-1] c.m.r.service.RequestProducerService     : Successfully published message to the kafka topic with key=com.miamioh.registertaxiclient.model.request.Taxi@7a452205 and offset=4
2019-06-21 19:00:58.871  INFO 25556 --- [kafka-producer-network-thread | producer-1] c.m.r.service.RequestProducerService     : total time taken to send the message to topic :0a297e49-05bc-4cf9-946f-016dcf43a3a3
2019-06-21 19:01:38.009  INFO 25556 --- [http-nio-7000-exec-4] c.m.r.k.p.RideSharingRequestProducer     : Inside Register Taxi Request Producer
2019-06-21 19:01:38.010  INFO 25556 --- [http-nio-7000-exec-4] c.m.r.k.p.RideSharingRequestProducer     : Input String Read: 
2019-06-21 19:01:38.010  INFO 25556 --- [http-nio-7000-exec-4] c.m.r.k.p.RideSharingRequestProducer     : Input String Read: 41.92268628,-87.64948873,2,2016-12-18 01:00:00
2019-06-21 19:01:38.010  INFO 25556 --- [ForkJoinPool.commonPool-worker-6] c.m.r.service.RequestProducerService     : Inside Register Taxi Request Producer Service
2019-06-21 19:01:38.010  INFO 25556 --- [ForkJoinPool.commonPool-worker-7] c.m.r.service.RequestProducerService     : Inside Register Taxi Request Producer Service
2019-06-21 19:01:38.010  INFO 25556 --- [ForkJoinPool.commonPool-worker-7] c.m.r.service.RequestProducerService     : Generated Taxi Object: com.miamioh.registertaxiclient.model.request.Taxi@2e7ab29d
2019-06-21 19:01:38.013  INFO 25556 --- [kafka-producer-network-thread | producer-1] c.m.r.service.RequestProducerService     : Successfully published message to the kafka topic with key=com.miamioh.registertaxiclient.model.request.Taxi@2e7ab29d and offset=5
2019-06-21 19:01:38.013  INFO 25556 --- [kafka-producer-network-thread | producer-1] c.m.r.service.RequestProducerService     : total time taken to send the message to topic :c2e8416f-18c5-498c-aed3-c57a6d3925c6
2019-06-21 19:02:01.258  INFO 25556 --- [http-nio-7000-exec-5] c.m.r.k.p.RideSharingRequestProducer     : Inside Register Taxi Request Producer
2019-06-21 19:02:01.258  INFO 25556 --- [http-nio-7000-exec-5] c.m.r.k.p.RideSharingRequestProducer     : Input String Read: 
2019-06-21 19:02:01.258  INFO 25556 --- [http-nio-7000-exec-5] c.m.r.k.p.RideSharingRequestProducer     : Input String Read: 41.92268628,-87.64948873,2,2016-12-18 01:00:00
2019-06-21 19:02:01.258  INFO 25556 --- [ForkJoinPool.commonPool-worker-6] c.m.r.service.RequestProducerService     : Inside Register Taxi Request Producer Service
2019-06-21 19:02:01.258  INFO 25556 --- [ForkJoinPool.commonPool-worker-6] c.m.r.service.RequestProducerService     : Inside Register Taxi Request Producer Service
2019-06-21 19:02:01.258  INFO 25556 --- [ForkJoinPool.commonPool-worker-6] c.m.r.service.RequestProducerService     : Generated Taxi Object: com.miamioh.registertaxiclient.model.request.Taxi@7b7e943a
2019-06-21 19:02:01.261  INFO 25556 --- [kafka-producer-network-thread | producer-1] c.m.r.service.RequestProducerService     : Successfully published message to the kafka topic with key=com.miamioh.registertaxiclient.model.request.Taxi@7b7e943a and offset=6
2019-06-21 19:02:01.261  INFO 25556 --- [kafka-producer-network-thread | producer-1] c.m.r.service.RequestProducerService     : total time taken to send the message to topic :e5c95567-116d-4f6b-9278-9055a0ef604f
2019-06-21 19:02:36.089  INFO 25556 --- [Thread-3] o.s.s.concurrent.ThreadPoolTaskExecutor  : Shutting down ExecutorService 'applicationTaskExecutor'
2019-06-21 19:02:36.091  INFO 25556 --- [Thread-3] o.a.k.clients.producer.KafkaProducer     : [Producer clientId=producer-1] Closing the Kafka producer with timeoutMillis = 30000 ms.
